1533752291296	geckodriver	INFO	geckodriver 0.21.0
1533752291310	geckodriver	INFO	Listening on 127.0.0.1:49799
1533752292323	mozrunner::runner	INFO	Running command: "/Applications/Firefox.app/Contents/MacOS/firefox-bin" "-marionette" "-foreground" "-no-remote" "-profile" "/var/folders/52/xhyrj3k12v319d0_stg7x3yw0000gp/T/rust_mozprofile.s7ph8CHXj3Sj"
2018-08-08 15:18:14.658 plugin-container[1486:30144] *** CFMessagePort: bootstrap_register(): failed 1100 (0x44c) 'Permission denied', port = 0x813f, name = 'com.apple.tsm.portname'
See /usr/include/servers/bootstrap_defs.h for the error codes.
2018-08-08 15:18:15.334 plugin-container[1487:30172] *** CFMessagePort: bootstrap_register(): failed 1100 (0x44c) 'Permission denied', port = 0x8743, name = 'com.apple.tsm.portname'
See /usr/include/servers/bootstrap_defs.h for the error codes.
1533752295786	Marionette	INFO	Listening on port 49810
1533752295924	Marionette	WARN	TLS certificate errors will be ignored for this session
*** UTM:SVC TimerManager:registerTimer called after profile-before-change notification. Ignoring timer registration for id: telemetry_modules_ping
JavaScript error: resource://gre/modules/osfile/osfile_async_front.jsm, line 408: Error: OS.File has been shut down. Rejecting post to DirectoryIterator_prototype_close
JavaScript error: resource://gre/modules/osfile/osfile_async_front.jsm, line 408: Error: OS.File has been shut down. Rejecting post to DirectoryIterator_prototype_close
JavaScript error: resource://gre/modules/ProfileAge.jsm, line 174: Error: Unable to fetch oldest profile entry: Error: OS.File has been shut down. Rejecting request to DirectoryIterator_prototype_next
JavaScript error: resource://gre/modules/ProfileAge.jsm, line 174: Error: Unable to fetch oldest profile entry: Error: OS.File has been shut down. Rejecting post to DirectoryIterator_prototype_next
1534445073406	geckodriver	INFO	geckodriver 0.21.0
1534445073418	geckodriver	INFO	Listening on 127.0.0.1:50108
1534445074433	mozrunner::runner	INFO	Running command: "/Applications/Firefox.app/Contents/MacOS/firefox-bin" "-marionette" "-foreground" "-no-remote" "-profile" "/var/folders/52/xhyrj3k12v319d0_stg7x3yw0000gp/T/rust_mozprofile.1VX2VqSNJ15D"
2018-08-16 18:44:36.958 plugin-container[2281:54235] *** CFMessagePort: bootstrap_register(): failed 1100 (0x44c) 'Permission denied', port = 0x740b, name = 'com.apple.tsm.portname'
See /usr/include/servers/bootstrap_defs.h for the error codes.
2018-08-16 18:44:37.334 plugin-container[2282:54263] *** CFMessagePort: bootstrap_register(): failed 1100 (0x44c) 'Permission denied', port = 0x7647, name = 'com.apple.tsm.portname'
See /usr/include/servers/bootstrap_defs.h for the error codes.
1534445077901	Marionette	INFO	Listening on port 50119
1534445077919	Marionette	WARN	TLS certificate errors will be ignored for this session
2018-08-16 18:44:38.309 plugin-container[2283:54379] *** CFMessagePort: bootstrap_register(): failed 1100 (0x44c) 'Permission denied', port = 0x7343, name = 'com.apple.tsm.portname'
See /usr/include/servers/bootstrap_defs.h for the error codes.
*** UTM:SVC TimerManager:registerTimer called after profile-before-change notification. Ignoring timer registration for id: telemetry_modules_ping
JavaScript error: resource://gre/modules/osfile/osfile_async_front.jsm, line 408: Error: OS.File has been shut down. Rejecting post to DirectoryIterator_prototype_close
JavaScript error: resource://gre/modules/osfile/osfile_async_front.jsm, line 408: Error: OS.File has been shut down. Rejecting post to DirectoryIterator_prototype_close
JavaScript error: resource://gre/modules/ProfileAge.jsm, line 174: Error: Unable to fetch oldest profile entry: Error: OS.File has been shut down. Rejecting post to DirectoryIterator_prototype_next
JavaScript error: resource://gre/modules/ProfileAge.jsm, line 174: Error: Unable to fetch oldest profile entry: Error: OS.File has been shut down. Rejecting post to DirectoryIterator_prototype_next
1534445079140	geckodriver	INFO	geckodriver 0.21.0
1534445079148	geckodriver	INFO	Listening on 127.0.0.1:50161
1534445080159	mozrunner::runner	INFO	Running command: "/Applications/Firefox.app/Contents/MacOS/firefox-bin" "-marionette" "-foreground" "-no-remote" "-profile" "/var/folders/52/xhyrj3k12v319d0_stg7x3yw0000gp/T/rust_mozprofile.1gc5uwgqqlcS"
2018-08-16 18:44:42.075 plugin-container[2286:54523] *** CFMessagePort: bootstrap_register(): failed 1100 (0x44c) 'Permission denied', port = 0x7937, name = 'com.apple.tsm.portname'
See /usr/include/servers/bootstrap_defs.h for the error codes.
2018-08-16 18:44:42.396 plugin-container[2287:54547] *** CFMessagePort: bootstrap_register(): failed 1100 (0x44c) 'Permission denied', port = 0x873f, name = 'com.apple.tsm.portname'
See /usr/include/servers/bootstrap_defs.h for the error codes.
1534445082773	Marionette	INFO	Listening on port 50172
1534445082802	Marionette	WARN	TLS certificate errors will be ignored for this session
JavaScript error: resource:///modules/SavantShieldStudy.jsm, line 171: TypeError: this.addonListener is undefined
JavaScript error: jar:file:///Applications/Firefox.app/Contents/Resources/omni.ja!/components/nsUrlClassifierListManager.js, line 321: NS_ERROR_NOT_INITIALIZED: Component returned failure code: 0xc1f30001 (NS_ERROR_NOT_INITIALIZED) [nsIUrlClassifierDBService.getTables]
JavaScript error: jar:file:///Applications/Firefox.app/Contents/Resources/omni.ja!/components/nsUrlClassifierListManager.js, line 321: NS_ERROR_NOT_INITIALIZED: Component returned failure code: 0xc1f30001 (NS_ERROR_NOT_INITIALIZED) [nsIUrlClassifierDBService.getTables]
JavaScript error: resource://gre/modules/JSONFile.jsm, line 159: Error: Data is not ready.
JavaScript error: resource://gre/modules/JSONFile.jsm, line 159: Error: Data is not ready.
JavaScript error: resource://gre/modules/JSONFile.jsm, line 159: Error: Data is not ready.
*** UTM:SVC TimerManager:registerTimer called after profile-before-change notification. Ignoring timer registration for id: telemetry_modules_ping
JavaScript error: resource://gre/modules/osfile/osfile_async_front.jsm, line 408: Error: OS.File has been shut down. Rejecting post to DirectoryIterator_prototype_close
JavaScript error: resource://gre/modules/ProfileAge.jsm, line 174: Error: Unable to fetch oldest profile entry: Error: OS.File has been shut down. Rejecting request to DirectoryIterator_prototype_next
JavaScript error: resource://gre/modules/osfile/osfile_async_front.jsm, line 408: Error: OS.File has been shut down. Rejecting post to DirectoryIterator_prototype_close
JavaScript error: resource://gre/modules/ProfileAge.jsm, line 174: Error: Unable to fetch oldest profile entry: Error: OS.File has been shut down. Rejecting post to DirectoryIterator_prototype_next
1534445144322	geckodriver	INFO	geckodriver 0.21.0
1534445144330	geckodriver	INFO	Listening on 127.0.0.1:50204
1534445145340	mozrunner::runner	INFO	Running command: "/Applications/Firefox.app/Contents/MacOS/firefox-bin" "-marionette" "-foreground" "-no-remote" "-profile" "/var/folders/52/xhyrj3k12v319d0_stg7x3yw0000gp/T/rust_mozprofile.XlSYK5pn6REc"
2018-08-16 18:45:47.651 plugin-container[2324:55182] *** CFMessagePort: bootstrap_register(): failed 1100 (0x44c) 'Permission denied', port = 0x700b, name = 'com.apple.tsm.portname'
See /usr/include/servers/bootstrap_defs.h for the error codes.
2018-08-16 18:45:47.969 plugin-container[2325:55205] *** CFMessagePort: bootstrap_register(): failed 1100 (0x44c) 'Permission denied', port = 0x8743, name = 'com.apple.tsm.portname'
See /usr/include/servers/bootstrap_defs.h for the error codes.
1534445148159	Marionette	INFO	Listening on port 50215
1534445148237	Marionette	WARN	TLS certificate errors will be ignored for this session
2018-08-16 18:45:49.043 plugin-container[2326:55319] *** CFMessagePort: bootstrap_register(): failed 1100 (0x44c) 'Permission denied', port = 0x8b3f, name = 'com.apple.tsm.portname'
See /usr/include/servers/bootstrap_defs.h for the error codes.
*** UTM:SVC TimerManager:registerTimer called after profile-before-change notification. Ignoring timer registration for id: telemetry_modules_ping

###!!! [Parent][RunMessage] Error: Channel closing: too late to send/recv, messages will be lost

1534445149860	geckodriver	INFO	geckodriver 0.21.0
1534445149867	geckodriver	INFO	Listening on 127.0.0.1:50254
1534445150878	mozrunner::runner	INFO	Running command: "/Applications/Firefox.app/Contents/MacOS/firefox-bin" "-marionette" "-foreground" "-no-remote" "-profile" "/var/folders/52/xhyrj3k12v319d0_stg7x3yw0000gp/T/rust_mozprofile.JMjn86A1z3Hw"
2018-08-16 18:45:52.902 plugin-container[2330:55490] *** CFMessagePort: bootstrap_register(): failed 1100 (0x44c) 'Permission denied', port = 0x760b, name = 'com.apple.tsm.portname'
See /usr/include/servers/bootstrap_defs.h for the error codes.
2018-08-16 18:45:53.420 plugin-container[2331:55516] *** CFMessagePort: bootstrap_register(): failed 1100 (0x44c) 'Permission denied', port = 0x8743, name = 'com.apple.tsm.portname'
See /usr/include/servers/bootstrap_defs.h for the error codes.
1534445153926	Marionette	INFO	Listening on port 50265
1534445154028	Marionette	WARN	TLS certificate errors will be ignored for this session
JavaScript error: resource:///modules/SavantShieldStudy.jsm, line 171: TypeError: this.addonListener is undefined
JavaScript error: jar:file:///Applications/Firefox.app/Contents/Resources/omni.ja!/components/nsUrlClassifierListManager.js, line 321: NS_ERROR_NOT_INITIALIZED: Component returned failure code: 0xc1f30001 (NS_ERROR_NOT_INITIALIZED) [nsIUrlClassifierDBService.getTables]
JavaScript error: jar:file:///Applications/Firefox.app/Contents/Resources/omni.ja!/components/nsUrlClassifierListManager.js, line 321: NS_ERROR_NOT_INITIALIZED: Component returned failure code: 0xc1f30001 (NS_ERROR_NOT_INITIALIZED) [nsIUrlClassifierDBService.getTables]
JavaScript error: resource://gre/modules/JSONFile.jsm, line 159: Error: Data is not ready.
JavaScript error: resource://gre/modules/JSONFile.jsm, line 159: Error: Data is not ready.
JavaScript error: resource://gre/modules/JSONFile.jsm, line 159: Error: Data is not ready.
*** UTM:SVC TimerManager:registerTimer called after profile-before-change notification. Ignoring timer registration for id: telemetry_modules_ping
JavaScript error: resource://gre/modules/osfile/osfile_async_front.jsm, line 408: Error: OS.File has been shut down. Rejecting post to DirectoryIterator_prototype_close
JavaScript error: resource://gre/modules/osfile/osfile_async_front.jsm, line 408: Error: OS.File has been shut down. Rejecting post to DirectoryIterator_prototype_close
JavaScript error: resource://gre/modules/ProfileAge.jsm, line 174: Error: Unable to fetch oldest profile entry: Error: OS.File has been shut down. Rejecting request to DirectoryIterator_prototype_next
JavaScript error: resource://gre/modules/ProfileAge.jsm, line 174: Error: Unable to fetch oldest profile entry: Error: OS.File has been shut down. Rejecting request to DirectoryIterator_prototype_next
1534445322888	geckodriver	INFO	geckodriver 0.21.0
1534445322894	geckodriver	INFO	Listening on 127.0.0.1:50318
1534445323908	mozrunner::runner	INFO	Running command: "/Applications/Firefox.app/Contents/MacOS/firefox-bin" "-marionette" "-foreground" "-no-remote" "-profile" "/var/folders/52/xhyrj3k12v319d0_stg7x3yw0000gp/T/rust_mozprofile.FgYynUESuO7G"
2018-08-16 18:48:45.663 plugin-container[2368:56758] *** CFMessagePort: bootstrap_register(): failed 1100 (0x44c) 'Permission denied', port = 0x8507, name = 'com.apple.tsm.portname'
See /usr/include/servers/bootstrap_defs.h for the error codes.
2018-08-16 18:48:46.142 plugin-container[2369:56784] *** CFMessagePort: bootstrap_register(): failed 1100 (0x44c) 'Permission denied', port = 0x7507, name = 'com.apple.tsm.portname'
See /usr/include/servers/bootstrap_defs.h for the error codes.
1534445326722	Marionette	INFO	Listening on port 50329
1534445326942	Marionette	WARN	TLS certificate errors will be ignored for this session
2018-08-16 18:48:47.143 plugin-container[2370:56888] *** CFMessagePort: bootstrap_register(): failed 1100 (0x44c) 'Permission denied', port = 0x853f, name = 'com.apple.tsm.portname'
See /usr/include/servers/bootstrap_defs.h for the error codes.
*** UTM:SVC TimerManager:registerTimer called after profile-before-change notification. Ignoring timer registration for id: telemetry_modules_ping
JavaScript error: resource://gre/modules/osfile/osfile_async_front.jsm, line 408: Error: OS.File has been shut down. Rejecting post to DirectoryIterator_prototype_close
JavaScript error: resource://gre/modules/osfile/osfile_async_front.jsm, line 408: Error: OS.File has been shut down. Rejecting post to DirectoryIterator_prototype_close
JavaScript error: resource://gre/modules/ProfileAge.jsm, line 174: Error: Unable to fetch oldest profile entry: Error: OS.File has been shut down. Rejecting request to DirectoryIterator_prototype_next
JavaScript error: resource://gre/modules/ProfileAge.jsm, line 174: Error: Unable to fetch oldest profile entry: Error: OS.File has been shut down. Rejecting request to DirectoryIterator_prototype_next
1534445328261	geckodriver	INFO	geckodriver 0.21.0
1534445328271	geckodriver	INFO	Listening on 127.0.0.1:50368
1534445329274	mozrunner::runner	INFO	Running command: "/Applications/Firefox.app/Contents/MacOS/firefox-bin" "-marionette" "-foreground" "-no-remote" "-profile" "/var/folders/52/xhyrj3k12v319d0_stg7x3yw0000gp/T/rust_mozprofile.o4x0sMQwktux"
2018-08-16 18:48:51.300 plugin-container[2373:57037] *** CFMessagePort: bootstrap_register(): failed 1100 (0x44c) 'Permission denied', port = 0x7b0b, name = 'com.apple.tsm.portname'
See /usr/include/servers/bootstrap_defs.h for the error codes.
2018-08-16 18:48:51.561 plugin-container[2374:57061] *** CFMessagePort: bootstrap_register(): failed 1100 (0x44c) 'Permission denied', port = 0x8907, name = 'com.apple.tsm.portname'
See /usr/include/servers/bootstrap_defs.h for the error codes.
1534445332188	Marionette	INFO	Listening on port 50379
1534445332300	Marionette	WARN	TLS certificate errors will be ignored for this session
2018-08-16 18:48:52.565 plugin-container[2376:57168] *** CFMessagePort: bootstrap_register(): failed 1100 (0x44c) 'Permission denied', port = 0x8643, name = 'com.apple.tsm.portname'
See /usr/include/servers/bootstrap_defs.h for the error codes.
*** UTM:SVC TimerManager:registerTimer called after profile-before-change notification. Ignoring timer registration for id: telemetry_modules_ping
1534446493297	geckodriver	INFO	geckodriver 0.21.0
1534446493304	geckodriver	INFO	Listening on 127.0.0.1:50524
1534446494311	mozrunner::runner	INFO	Running command: "/Applications/Firefox.app/Contents/MacOS/firefox-bin" "-marionette" "-foreground" "-no-remote" "-profile" "/var/folders/52/xhyrj3k12v319d0_stg7x3yw0000gp/T/rust_mozprofile.oyMztEaSOiZL"
2018-08-16 19:08:16.168 plugin-container[2429:63362] *** CFMessagePort: bootstrap_register(): failed 1100 (0x44c) 'Permission denied', port = 0x8c43, name = 'com.apple.tsm.portname'
See /usr/include/servers/bootstrap_defs.h for the error codes.
2018-08-16 19:08:16.705 plugin-container[2430:63390] *** CFMessagePort: bootstrap_register(): failed 1100 (0x44c) 'Permission denied', port = 0x7d43, name = 'com.apple.tsm.portname'
See /usr/include/servers/bootstrap_defs.h for the error codes.
1534446497257	Marionette	INFO	Listening on port 50535
1534446497384	Marionette	WARN	TLS certificate errors will be ignored for this session
2018-08-16 19:08:17.539 plugin-container[2431:63509] *** CFMessagePort: bootstrap_register(): failed 1100 (0x44c) 'Permission denied', port = 0x723f, name = 'com.apple.tsm.portname'
See /usr/include/servers/bootstrap_defs.h for the error codes.
*** UTM:SVC TimerManager:registerTimer called after profile-before-change notification. Ignoring timer registration for id: telemetry_modules_ping
1534446498732	geckodriver	INFO	geckodriver 0.21.0
1534446498740	geckodriver	INFO	Listening on 127.0.0.1:50573
1534446499745	mozrunner::runner	INFO	Running command: "/Applications/Firefox.app/Contents/MacOS/firefox-bin" "-marionette" "-foreground" "-no-remote" "-profile" "/var/folders/52/xhyrj3k12v319d0_stg7x3yw0000gp/T/rust_mozprofile.JUrLbnIhKz93"
2018-08-16 19:08:21.612 plugin-container[2434:63642] *** CFMessagePort: bootstrap_register(): failed 1100 (0x44c) 'Permission denied', port = 0x7b47, name = 'com.apple.tsm.portname'
See /usr/include/servers/bootstrap_defs.h for the error codes.
2018-08-16 19:08:22.117 plugin-container[2435:63666] *** CFMessagePort: bootstrap_register(): failed 1100 (0x44c) 'Permission denied', port = 0x7a47, name = 'com.apple.tsm.portname'
See /usr/include/servers/bootstrap_defs.h for the error codes.
1534446502491	Marionette	INFO	Listening on port 50584
1534446502565	Marionette	WARN	TLS certificate errors will be ignored for this session
2018-08-16 19:08:22.620 plugin-container[2436:63740] *** CFMessagePort: bootstrap_register(): failed 1100 (0x44c) 'Permission denied', port = 0x833b, name = 'com.apple.tsm.portname'
See /usr/include/servers/bootstrap_defs.h for the error codes.
JavaScript error: resource:///modules/SavantShieldStudy.jsm, line 171: TypeError: this.addonListener is undefined
JavaScript error: resource://gre/modules/JSONFile.jsm, line 159: Error: Data is not ready.
JavaScript error: resource://gre/modules/JSONFile.jsm, line 159: Error: Data is not ready.
JavaScript error: resource://gre/modules/JSONFile.jsm, line 159: Error: Data is not ready.
*** UTM:SVC TimerManager:registerTimer called after profile-before-change notification. Ignoring timer registration for id: telemetry_modules_ping
JavaScript error: resource://gre/modules/osfile/osfile_async_front.jsm, line 408: Error: OS.File has been shut down. Rejecting post to DirectoryIterator_prototype_close
JavaScript error: resource://gre/modules/osfile/osfile_async_front.jsm, line 408: Error: OS.File has been shut down. Rejecting post to DirectoryIterator_prototype_close
JavaScript error: resource://gre/modules/ProfileAge.jsm, line 174: Error: Unable to fetch oldest profile entry: Error: OS.File has been shut down. Rejecting request to DirectoryIterator_prototype_next
JavaScript error: resource://gre/modules/ProfileAge.jsm, line 174: Error: Unable to fetch oldest profile entry: Error: OS.File has been shut down. Rejecting request to DirectoryIterator_prototype_next
1534448665566	geckodriver	INFO	geckodriver 0.21.0
1534448665577	geckodriver	INFO	Listening on 127.0.0.1:50793
1534448666577	mozrunner::runner	INFO	Running command: "/Applications/Firefox.app/Contents/MacOS/firefox-bin" "-marionette" "-foreground" "-no-remote" "-profile" "/var/folders/52/xhyrj3k12v319d0_stg7x3yw0000gp/T/rust_mozprofile.hQg68lNXWFTB"
2018-08-16 19:44:28.767 plugin-container[2807:76409] *** CFMessagePort: bootstrap_register(): failed 1100 (0x44c) 'Permission denied', port = 0x7c43, name = 'com.apple.tsm.portname'
See /usr/include/servers/bootstrap_defs.h for the error codes.
2018-08-16 19:44:29.216 plugin-container[2808:76436] *** CFMessagePort: bootstrap_register(): failed 1100 (0x44c) 'Permission denied', port = 0x8003, name = 'com.apple.tsm.portname'
See /usr/include/servers/bootstrap_defs.h for the error codes.
2018-08-16 19:44:29.800 plugin-container[2809:76517] *** CFMessagePort: bootstrap_register(): failed 1100 (0x44c) 'Permission denied', port = 0x7443, name = 'com.apple.tsm.portname'
See /usr/include/servers/bootstrap_defs.h for the error codes.
1534448669913	Marionette	INFO	Listening on port 50804
1534448669982	Marionette	WARN	TLS certificate errors will be ignored for this session
*** UTM:SVC TimerManager:registerTimer called after profile-before-change notification. Ignoring timer registration for id: telemetry_modules_ping
1534448672076	geckodriver	INFO	geckodriver 0.21.0
1534448672084	geckodriver	INFO	Listening on 127.0.0.1:50858
1534448673096	mozrunner::runner	INFO	Running command: "/Applications/Firefox.app/Contents/MacOS/firefox-bin" "-marionette" "-foreground" "-no-remote" "-profile" "/var/folders/52/xhyrj3k12v319d0_stg7x3yw0000gp/T/rust_mozprofile.9K0IqMlp1fND"
2018-08-16 19:44:35.391 plugin-container[2812:76692] *** CFMessagePort: bootstrap_register(): failed 1100 (0x44c) 'Permission denied', port = 0x730b, name = 'com.apple.tsm.portname'
See /usr/include/servers/bootstrap_defs.h for the error codes.
2018-08-16 19:44:35.745 plugin-container[2813:76712] *** CFMessagePort: bootstrap_register(): failed 1100 (0x44c) 'Permission denied', port = 0x753f, name = 'com.apple.tsm.portname'
See /usr/include/servers/bootstrap_defs.h for the error codes.
1534448676181	Marionette	INFO	Listening on port 50869
1534448676287	Marionette	WARN	TLS certificate errors will be ignored for this session
2018-08-16 19:44:36.593 plugin-container[2814:76835] *** CFMessagePort: bootstrap_register(): failed 1100 (0x44c) 'Permission denied', port = 0x8b3f, name = 'com.apple.tsm.portname'
See /usr/include/servers/bootstrap_defs.h for the error codes.
*** UTM:SVC TimerManager:registerTimer called after profile-before-change notification. Ignoring timer registration for id: telemetry_modules_ping
1534448794099	geckodriver	INFO	geckodriver 0.21.0
1534448794106	geckodriver	INFO	Listening on 127.0.0.1:50929
1534448795118	mozrunner::runner	INFO	Running command: "/Applications/Firefox.app/Contents/MacOS/firefox-bin" "-marionette" "-foreground" "-no-remote" "-profile" "/var/folders/52/xhyrj3k12v319d0_stg7x3yw0000gp/T/rust_mozprofile.cFwKjuS8Waef"
2018-08-16 19:46:37.009 plugin-container[2850:77662] *** CFMessagePort: bootstrap_register(): failed 1100 (0x44c) 'Permission denied', port = 0x7f03, name = 'com.apple.tsm.portname'
See /usr/include/servers/bootstrap_defs.h for the error codes.
2018-08-16 19:46:37.312 plugin-container[2851:77687] *** CFMessagePort: bootstrap_register(): failed 1100 (0x44c) 'Permission denied', port = 0x8a3f, name = 'com.apple.tsm.portname'
See /usr/include/servers/bootstrap_defs.h for the error codes.
1534448797785	Marionette	INFO	Listening on port 50940
1534448797838	Marionette	WARN	TLS certificate errors will be ignored for this session
2018-08-16 19:46:38.826 plugin-container[2852:77814] *** CFMessagePort: bootstrap_register(): failed 1100 (0x44c) 'Permission denied', port = 0x8e0b, name = 'com.apple.tsm.portname'
See /usr/include/servers/bootstrap_defs.h for the error codes.
*** UTM:SVC TimerManager:registerTimer called after profile-before-change notification. Ignoring timer registration for id: telemetry_modules_ping
1534448799959	geckodriver	INFO	geckodriver 0.21.0
1534448799971	geckodriver	INFO	Listening on 127.0.0.1:50988
1534448800976	mozrunner::runner	INFO	Running command: "/Applications/Firefox.app/Contents/MacOS/firefox-bin" "-marionette" "-foreground" "-no-remote" "-profile" "/var/folders/52/xhyrj3k12v319d0_stg7x3yw0000gp/T/rust_mozprofile.SewsPEb3W7eB"
2018-08-16 19:46:42.743 plugin-container[2855:77953] *** CFMessagePort: bootstrap_register(): failed 1100 (0x44c) 'Permission denied', port = 0x7a3b, name = 'com.apple.tsm.portname'
See /usr/include/servers/bootstrap_defs.h for the error codes.
2018-08-16 19:46:43.229 plugin-container[2856:77975] *** CFMessagePort: bootstrap_register(): failed 1100 (0x44c) 'Permission denied', port = 0x7243, name = 'com.apple.tsm.portname'
See /usr/include/servers/bootstrap_defs.h for the error codes.
1534448803720	Marionette	INFO	Listening on port 50999
1534448803833	Marionette	WARN	TLS certificate errors will be ignored for this session
2018-08-16 19:46:45.197 plugin-container[2857:78087] *** CFMessagePort: bootstrap_register(): failed 1100 (0x44c) 'Permission denied', port = 0x7a03, name = 'com.apple.tsm.portname'
See /usr/include/servers/bootstrap_defs.h for the error codes.
*** UTM:SVC TimerManager:registerTimer called after profile-before-change notification. Ignoring timer registration for id: telemetry_modules_ping
1534448880342	geckodriver	INFO	geckodriver 0.21.0
1534448880348	geckodriver	INFO	Listening on 127.0.0.1:51051
1534448881359	mozrunner::runner	INFO	Running command: "/Applications/Firefox.app/Contents/MacOS/firefox-bin" "-marionette" "-foreground" "-no-remote" "-profile" "/var/folders/52/xhyrj3k12v319d0_stg7x3yw0000gp/T/rust_mozprofile.JoQiojyEOh2l"
2018-08-16 19:48:03.153 plugin-container[2881:78712] *** CFMessagePort: bootstrap_register(): failed 1100 (0x44c) 'Permission denied', port = 0x7b47, name = 'com.apple.tsm.portname'
See /usr/include/servers/bootstrap_defs.h for the error codes.
2018-08-16 19:48:03.693 plugin-container[2882:78743] *** CFMessagePort: bootstrap_register(): failed 1100 (0x44c) 'Permission denied', port = 0x7507, name = 'com.apple.tsm.portname'
See /usr/include/servers/bootstrap_defs.h for the error codes.
1534448884098	Marionette	INFO	Listening on port 51062
1534448884173	Marionette	WARN	TLS certificate errors will be ignored for this session
2018-08-16 19:48:05.341 plugin-container[2883:78871] *** CFMessagePort: bootstrap_register(): failed 1100 (0x44c) 'Permission denied', port = 0x8f03, name = 'com.apple.tsm.portname'
See /usr/include/servers/bootstrap_defs.h for the error codes.
*** UTM:SVC TimerManager:registerTimer called after profile-before-change notification. Ignoring timer registration for id: telemetry_modules_ping
1534448886148	geckodriver	INFO	geckodriver 0.21.0
1534448886159	geckodriver	INFO	Listening on 127.0.0.1:51113
1534448887175	mozrunner::runner	INFO	Running command: "/Applications/Firefox.app/Contents/MacOS/firefox-bin" "-marionette" "-foreground" "-no-remote" "-profile" "/var/folders/52/xhyrj3k12v319d0_stg7x3yw0000gp/T/rust_mozprofile.WGWq0qaODuPo"
2018-08-16 19:48:09.044 plugin-container[2886:79015] *** CFMessagePort: bootstrap_register(): failed 1100 (0x44c) 'Permission denied', port = 0x723b, name = 'com.apple.tsm.portname'
See /usr/include/servers/bootstrap_defs.h for the error codes.
2018-08-16 19:48:09.529 plugin-container[2887:79038] *** CFMessagePort: bootstrap_register(): failed 1100 (0x44c) 'Permission denied', port = 0x8343, name = 'com.apple.tsm.portname'
See /usr/include/servers/bootstrap_defs.h for the error codes.
1534448890090	Marionette	INFO	Listening on port 51124
1534448890172	Marionette	WARN	TLS certificate errors will be ignored for this session
2018-08-16 19:48:10.415 plugin-container[2888:79153] *** CFMessagePort: bootstrap_register(): failed 1100 (0x44c) 'Permission denied', port = 0x6f43, name = 'com.apple.tsm.portname'
See /usr/include/servers/bootstrap_defs.h for the error codes.
*** UTM:SVC TimerManager:registerTimer called after profile-before-change notification. Ignoring timer registration for id: telemetry_modules_ping
1534448941632	geckodriver	INFO	geckodriver 0.21.0
1534448941639	geckodriver	INFO	Listening on 127.0.0.1:51179
1534448942657	mozrunner::runner	INFO	Running command: "/Applications/Firefox.app/Contents/MacOS/firefox-bin" "-marionette" "-foreground" "-no-remote" "-profile" "/var/folders/52/xhyrj3k12v319d0_stg7x3yw0000gp/T/rust_mozprofile.11BKeUiTyD23"
2018-08-16 19:49:04.838 plugin-container[2917:79637] *** CFMessagePort: bootstrap_register(): failed 1100 (0x44c) 'Permission denied', port = 0x7d0b, name = 'com.apple.tsm.portname'
See /usr/include/servers/bootstrap_defs.h for the error codes.
2018-08-16 19:49:05.178 plugin-container[2918:79660] *** CFMessagePort: bootstrap_register(): failed 1100 (0x44c) 'Permission denied', port = 0x853f, name = 'com.apple.tsm.portname'
See /usr/include/servers/bootstrap_defs.h for the error codes.
1534448945706	Marionette	INFO	Listening on port 51190
1534448945788	Marionette	WARN	TLS certificate errors will be ignored for this session
2018-08-16 19:49:06.044 plugin-container[2919:79770] *** CFMessagePort: bootstrap_register(): failed 1100 (0x44c) 'Permission denied', port = 0x8f3f, name = 'com.apple.tsm.portname'
See /usr/include/servers/bootstrap_defs.h for the error codes.
*** UTM:SVC TimerManager:registerTimer called after profile-before-change notification. Ignoring timer registration for id: telemetry_modules_ping
1534448947814	geckodriver	INFO	geckodriver 0.21.0
1534448947823	geckodriver	INFO	Listening on 127.0.0.1:51242
1534448948833	mozrunner::runner	INFO	Running command: "/Applications/Firefox.app/Contents/MacOS/firefox-bin" "-marionette" "-foreground" "-no-remote" "-profile" "/var/folders/52/xhyrj3k12v319d0_stg7x3yw0000gp/T/rust_mozprofile.7TLhaCQ0Na7q"
2018-08-16 19:49:10.634 plugin-container[2922:79906] *** CFMessagePort: bootstrap_register(): failed 1100 (0x44c) 'Permission denied', port = 0x790b, name = 'com.apple.tsm.portname'
See /usr/include/servers/bootstrap_defs.h for the error codes.
2018-08-16 19:49:10.994 plugin-container[2923:79929] *** CFMessagePort: bootstrap_register(): failed 1100 (0x44c) 'Permission denied', port = 0x7707, name = 'com.apple.tsm.portname'
See /usr/include/servers/bootstrap_defs.h for the error codes.
1534448951639	Marionette	INFO	Listening on port 51253
1534448951759	Marionette	WARN	TLS certificate errors will be ignored for this session
2018-08-16 19:49:11.955 plugin-container[2924:80061] *** CFMessagePort: bootstrap_register(): failed 1100 (0x44c) 'Permission denied', port = 0x9007, name = 'com.apple.tsm.portname'
See /usr/include/servers/bootstrap_defs.h for the error codes.
*** UTM:SVC TimerManager:registerTimer called after profile-before-change notification. Ignoring timer registration for id: telemetry_modules_ping
1534448998555	geckodriver	INFO	geckodriver 0.21.0
1534448998563	geckodriver	INFO	Listening on 127.0.0.1:51311
1534448999585	mozrunner::runner	INFO	Running command: "/Applications/Firefox.app/Contents/MacOS/firefox-bin" "-marionette" "-foreground" "-no-remote" "-profile" "/var/folders/52/xhyrj3k12v319d0_stg7x3yw0000gp/T/rust_mozprofile.Exs4ZzehqSup"
2018-08-16 19:50:01.382 plugin-container[2960:80528] *** CFMessagePort: bootstrap_register(): failed 1100 (0x44c) 'Permission denied', port = 0x7943, name = 'com.apple.tsm.portname'
See /usr/include/servers/bootstrap_defs.h for the error codes.
2018-08-16 19:50:01.781 plugin-container[2961:80557] *** CFMessagePort: bootstrap_register(): failed 1100 (0x44c) 'Permission denied', port = 0x8303, name = 'com.apple.tsm.portname'
See /usr/include/servers/bootstrap_defs.h for the error codes.
2018-08-16 19:50:02.520 plugin-container[2962:80643] *** CFMessagePort: bootstrap_register(): failed 1100 (0x44c) 'Permission denied', port = 0x7a43, name = 'com.apple.tsm.portname'
See /usr/include/servers/bootstrap_defs.h for the error codes.
1534449002662	Marionette	INFO	Listening on port 51322
1534449002778	Marionette	WARN	TLS certificate errors will be ignored for this session
*** UTM:SVC TimerManager:registerTimer called after profile-before-change notification. Ignoring timer registration for id: telemetry_modules_ping
1534449004794	geckodriver	INFO	geckodriver 0.21.0
1534449004808	geckodriver	INFO	Listening on 127.0.0.1:51376
1534449005802	mozrunner::runner	INFO	Running command: "/Applications/Firefox.app/Contents/MacOS/firefox-bin" "-marionette" "-foreground" "-no-remote" "-profile" "/var/folders/52/xhyrj3k12v319d0_stg7x3yw0000gp/T/rust_mozprofile.mbLOIMx9l5AC"
2018-08-16 19:50:07.975 plugin-container[2965:80818] *** CFMessagePort: bootstrap_register(): failed 1100 (0x44c) 'Permission denied', port = 0x7347, name = 'com.apple.tsm.portname'
See /usr/include/servers/bootstrap_defs.h for the error codes.
2018-08-16 19:50:08.197 plugin-container[2966:80838] *** CFMessagePort: bootstrap_register(): failed 1100 (0x44c) 'Permission denied', port = 0x7243, name = 'com.apple.tsm.portname'
See /usr/include/servers/bootstrap_defs.h for the error codes.
1534449008440	Marionette	INFO	Listening on port 51387
1534449008545	Marionette	WARN	TLS certificate errors will be ignored for this session
2018-08-16 19:50:09.894 plugin-container[2967:80969] *** CFMessagePort: bootstrap_register(): failed 1100 (0x44c) 'Permission denied', port = 0x783f, name = 'com.apple.tsm.portname'
See /usr/include/servers/bootstrap_defs.h for the error codes.
*** UTM:SVC TimerManager:registerTimer called after profile-before-change notification. Ignoring timer registration for id: telemetry_modules_ping
1534514946734	geckodriver	INFO	geckodriver 0.21.0
1534514946744	geckodriver	INFO	Listening on 127.0.0.1:49580
1534514947750	mozrunner::runner	INFO	Running command: "/Applications/Firefox.app/Contents/MacOS/firefox-bin" "-marionette" "-foreground" "-no-remote" "-profile" "/var/folders/52/xhyrj3k12v319d0_stg7x3yw0000gp/T/rust_mozprofile.EbPsFe17BslE"
2018-08-17 14:09:09.192 plugin-container[1124:16642] *** CFMessagePort: bootstrap_register(): failed 1100 (0x44c) 'Permission denied', port = 0x843f, name = 'com.apple.tsm.portname'
See /usr/include/servers/bootstrap_defs.h for the error codes.
2018-08-17 14:09:09.406 plugin-container[1125:16666] *** CFMessagePort: bootstrap_register(): failed 1100 (0x44c) 'Permission denied', port = 0x783f, name = 'com.apple.tsm.portname'
See /usr/include/servers/bootstrap_defs.h for the error codes.
1534514949733	Marionette	INFO	Listening on port 49591
1534514949821	Marionette	WARN	TLS certificate errors will be ignored for this session
2018-08-17 14:09:10.431 plugin-container[1126:16782] *** CFMessagePort: bootstrap_register(): failed 1100 (0x44c) 'Permission denied', port = 0x6f3f, name = 'com.apple.tsm.portname'
See /usr/include/servers/bootstrap_defs.h for the error codes.
*** UTM:SVC TimerManager:registerTimer called after profile-before-change notification. Ignoring timer registration for id: telemetry_modules_ping
1534514951238	geckodriver	INFO	geckodriver 0.21.0
1534514951246	geckodriver	INFO	Listening on 127.0.0.1:49630
1534514952256	mozrunner::runner	INFO	Running command: "/Applications/Firefox.app/Contents/MacOS/firefox-bin" "-marionette" "-foreground" "-no-remote" "-profile" "/var/folders/52/xhyrj3k12v319d0_stg7x3yw0000gp/T/rust_mozprofile.elpK09LWcvTl"
2018-08-17 14:09:13.586 plugin-container[1129:16934] *** CFMessagePort: bootstrap_register(): failed 1100 (0x44c) 'Permission denied', port = 0x8e03, name = 'com.apple.tsm.portname'
See /usr/include/servers/bootstrap_defs.h for the error codes.
2018-08-17 14:09:13.867 plugin-container[1130:16960] *** CFMessagePort: bootstrap_register(): failed 1100 (0x44c) 'Permission denied', port = 0x8103, name = 'com.apple.tsm.portname'
See /usr/include/servers/bootstrap_defs.h for the error codes.
1534514954194	Marionette	INFO	Listening on port 49641
1534514954203	Marionette	WARN	TLS certificate errors will be ignored for this session
2018-08-17 14:09:14.865 plugin-container[1131:17066] *** CFMessagePort: bootstrap_register(): failed 1100 (0x44c) 'Permission denied', port = 0x863f, name = 'com.apple.tsm.portname'
See /usr/include/servers/bootstrap_defs.h for the error codes.
*** UTM:SVC TimerManager:registerTimer called after profile-before-change notification. Ignoring timer registration for id: telemetry_modules_ping
1534515059468	geckodriver	INFO	geckodriver 0.21.0
1534515059475	geckodriver	INFO	Listening on 127.0.0.1:49709
1534515060488	mozrunner::runner	INFO	Running command: "/Applications/Firefox.app/Contents/MacOS/firefox-bin" "-marionette" "-foreground" "-no-remote" "-profile" "/var/folders/52/xhyrj3k12v319d0_stg7x3yw0000gp/T/rust_mozprofile.2VnPD9EmsLrp"
2018-08-17 14:11:01.950 plugin-container[1189:18110] *** CFMessagePort: bootstrap_register(): failed 1100 (0x44c) 'Permission denied', port = 0x8603, name = 'com.apple.tsm.portname'
See /usr/include/servers/bootstrap_defs.h for the error codes.
2018-08-17 14:11:02.178 plugin-container[1190:18133] *** CFMessagePort: bootstrap_register(): failed 1100 (0x44c) 'Permission denied', port = 0x8107, name = 'com.apple.tsm.portname'
See /usr/include/servers/bootstrap_defs.h for the error codes.
1534515062495	Marionette	INFO	Listening on port 49720
1534515062539	Marionette	WARN	TLS certificate errors will be ignored for this session
2018-08-17 14:11:03.166 plugin-container[1191:18251] *** CFMessagePort: bootstrap_register(): failed 1100 (0x44c) 'Permission denied', port = 0x6f43, name = 'com.apple.tsm.portname'
See /usr/include/servers/bootstrap_defs.h for the error codes.
*** UTM:SVC TimerManager:registerTimer called after profile-before-change notification. Ignoring timer registration for id: telemetry_modules_ping
1534515064014	geckodriver	INFO	geckodriver 0.21.0
1534515064020	geckodriver	INFO	Listening on 127.0.0.1:49759
1534515065028	mozrunner::runner	INFO	Running command: "/Applications/Firefox.app/Contents/MacOS/firefox-bin" "-marionette" "-foreground" "-no-remote" "-profile" "/var/folders/52/xhyrj3k12v319d0_stg7x3yw0000gp/T/rust_mozprofile.cPsVkRWpGSdI"
2018-08-17 14:11:06.439 plugin-container[1194:18387] *** CFMessagePort: bootstrap_register(): failed 1100 (0x44c) 'Permission denied', port = 0x7b3f, name = 'com.apple.tsm.portname'
See /usr/include/servers/bootstrap_defs.h for the error codes.
2018-08-17 14:11:06.644 plugin-container[1195:18410] *** CFMessagePort: bootstrap_register(): failed 1100 (0x44c) 'Permission denied', port = 0x7803, name = 'com.apple.tsm.portname'
See /usr/include/servers/bootstrap_defs.h for the error codes.
1534515066922	Marionette	INFO	Listening on port 49770
1534515066977	Marionette	WARN	TLS certificate errors will be ignored for this session
2018-08-17 14:11:07.707 plugin-container[1197:18524] *** CFMessagePort: bootstrap_register(): failed 1100 (0x44c) 'Permission denied', port = 0x7f43, name = 'com.apple.tsm.portname'
See /usr/include/servers/bootstrap_defs.h for the error codes.
*** UTM:SVC TimerManager:registerTimer called after profile-before-change notification. Ignoring timer registration for id: telemetry_modules_ping
1534515137940	geckodriver	INFO	geckodriver 0.21.0
1534515137946	geckodriver	INFO	Listening on 127.0.0.1:49811
1534515138955	mozrunner::runner	INFO	Running command: "/Applications/Firefox.app/Contents/MacOS/firefox-bin" "-marionette" "-foreground" "-no-remote" "-profile" "/var/folders/52/xhyrj3k12v319d0_stg7x3yw0000gp/T/rust_mozprofile.Aew8Hn2KhP0j"
2018-08-17 14:12:20.519 plugin-container[1239:19225] *** CFMessagePort: bootstrap_register(): failed 1100 (0x44c) 'Permission denied', port = 0x7543, name = 'com.apple.tsm.portname'
See /usr/include/servers/bootstrap_defs.h for the error codes.
2018-08-17 14:12:20.584 plugin-container[1240:19246] *** CFMessagePort: bootstrap_register(): failed 1100 (0x44c) 'Permission denied', port = 0x813f, name = 'com.apple.tsm.portname'
See /usr/include/servers/bootstrap_defs.h for the error codes.
1534515140799	Marionette	INFO	Listening on port 49822
1534515140909	Marionette	WARN	TLS certificate errors will be ignored for this session
2018-08-17 14:12:21.714 plugin-container[1241:19364] *** CFMessagePort: bootstrap_register(): failed 1100 (0x44c) 'Permission denied', port = 0x723f, name = 'com.apple.tsm.portname'
See /usr/include/servers/bootstrap_defs.h for the error codes.
*** UTM:SVC TimerManager:registerTimer called after profile-before-change notification. Ignoring timer registration for id: telemetry_modules_ping
1534515142358	geckodriver	INFO	geckodriver 0.21.0
1534515142366	geckodriver	INFO	Listening on 127.0.0.1:49863
1534515143379	mozrunner::runner	INFO	Running command: "/Applications/Firefox.app/Contents/MacOS/firefox-bin" "-marionette" "-foreground" "-no-remote" "-profile" "/var/folders/52/xhyrj3k12v319d0_stg7x3yw0000gp/T/rust_mozprofile.BR7J5l0Lz84b"
2018-08-17 14:12:24.786 plugin-container[1245:19499] *** CFMessagePort: bootstrap_register(): failed 1100 (0x44c) 'Permission denied', port = 0x830b, name = 'com.apple.tsm.portname'
See /usr/include/servers/bootstrap_defs.h for the error codes.
2018-08-17 14:12:25.013 plugin-container[1246:19522] *** CFMessagePort: bootstrap_register(): failed 1100 (0x44c) 'Permission denied', port = 0x853f, name = 'com.apple.tsm.portname'
See /usr/include/servers/bootstrap_defs.h for the error codes.
1534515145311	Marionette	INFO	Listening on port 49874
1534515145333	Marionette	WARN	TLS certificate errors will be ignored for this session
2018-08-17 14:12:26.092 plugin-container[1247:19639] *** CFMessagePort: bootstrap_register(): failed 1100 (0x44c) 'Permission denied', port = 0x733f, name = 'com.apple.tsm.portname'
See /usr/include/servers/bootstrap_defs.h for the error codes.
*** UTM:SVC TimerManager:registerTimer called after profile-before-change notification. Ignoring timer registration for id: telemetry_modules_ping
1534515162701	geckodriver	INFO	geckodriver 0.21.0
1534515162706	geckodriver	INFO	Listening on 127.0.0.1:49917
1534515163718	mozrunner::runner	INFO	Running command: "/Applications/Firefox.app/Contents/MacOS/firefox-bin" "-marionette" "-foreground" "-no-remote" "-profile" "/var/folders/52/xhyrj3k12v319d0_stg7x3yw0000gp/T/rust_mozprofile.JFo7h27Dw5o6"
2018-08-17 14:12:45.324 plugin-container[1277:19989] *** CFMessagePort: bootstrap_register(): failed 1100 (0x44c) 'Permission denied', port = 0x890b, name = 'com.apple.tsm.portname'
See /usr/include/servers/bootstrap_defs.h for the error codes.
2018-08-17 14:12:45.391 plugin-container[1278:20011] *** CFMessagePort: bootstrap_register(): failed 1100 (0x44c) 'Permission denied', port = 0x883f, name = 'com.apple.tsm.portname'
See /usr/include/servers/bootstrap_defs.h for the error codes.
1534515165595	Marionette	INFO	Listening on port 49928
1534515165692	Marionette	WARN	TLS certificate errors will be ignored for this session
2018-08-17 14:12:46.523 plugin-container[1279:20129] *** CFMessagePort: bootstrap_register(): failed 1100 (0x44c) 'Permission denied', port = 0x873f, name = 'com.apple.tsm.portname'
See /usr/include/servers/bootstrap_defs.h for the error codes.
*** UTM:SVC TimerManager:registerTimer called after profile-before-change notification. Ignoring timer registration for id: telemetry_modules_ping
1534515167207	geckodriver	INFO	geckodriver 0.21.0
1534515167214	geckodriver	INFO	Listening on 127.0.0.1:49967
1534515168220	mozrunner::runner	INFO	Running command: "/Applications/Firefox.app/Contents/MacOS/firefox-bin" "-marionette" "-foreground" "-no-remote" "-profile" "/var/folders/52/xhyrj3k12v319d0_stg7x3yw0000gp/T/rust_mozprofile.HE1mVhKvR7kk"
2018-08-17 14:12:49.524 plugin-container[1282:20258] *** CFMessagePort: bootstrap_register(): failed 1100 (0x44c) 'Permission denied', port = 0x6d3b, name = 'com.apple.tsm.portname'
See /usr/include/servers/bootstrap_defs.h for the error codes.
2018-08-17 14:12:49.880 plugin-container[1283:20283] *** CFMessagePort: bootstrap_register(): failed 1100 (0x44c) 'Permission denied', port = 0x8a3f, name = 'com.apple.tsm.portname'
See /usr/include/servers/bootstrap_defs.h for the error codes.
1534515170199	Marionette	INFO	Listening on port 49978
1534515170285	Marionette	WARN	TLS certificate errors will be ignored for this session
2018-08-17 14:12:50.840 plugin-container[1284:20396] *** CFMessagePort: bootstrap_register(): failed 1100 (0x44c) 'Permission denied', port = 0x8403, name = 'com.apple.tsm.portname'
See /usr/include/servers/bootstrap_defs.h for the error codes.
*** UTM:SVC TimerManager:registerTimer called after profile-before-change notification. Ignoring timer registration for id: telemetry_modules_ping
1534515190751	geckodriver	INFO	geckodriver 0.21.0
1534515190757	geckodriver	INFO	Listening on 127.0.0.1:50038
1534515191770	mozrunner::runner	INFO	Running command: "/Applications/Firefox.app/Contents/MacOS/firefox-bin" "-marionette" "-foreground" "-no-remote" "-profile" "/var/folders/52/xhyrj3k12v319d0_stg7x3yw0000gp/T/rust_mozprofile.6nZqFxsaoBV3"
2018-08-17 14:13:13.131 plugin-container[1307:20735] *** CFMessagePort: bootstrap_register(): failed 1100 (0x44c) 'Permission denied', port = 0x7643, name = 'com.apple.tsm.portname'
See /usr/include/servers/bootstrap_defs.h for the error codes.
2018-08-17 14:13:13.415 plugin-container[1308:20760] *** CFMessagePort: bootstrap_register(): failed 1100 (0x44c) 'Permission denied', port = 0x713f, name = 'com.apple.tsm.portname'
See /usr/include/servers/bootstrap_defs.h for the error codes.
1534515193647	Marionette	INFO	Listening on port 50049
1534515193736	Marionette	WARN	TLS certificate errors will be ignored for this session
2018-08-17 14:13:14.501 plugin-container[1309:20879] *** CFMessagePort: bootstrap_register(): failed 1100 (0x44c) 'Permission denied', port = 0x873f, name = 'com.apple.tsm.portname'
See /usr/include/servers/bootstrap_defs.h for the error codes.
*** UTM:SVC TimerManager:registerTimer called after profile-before-change notification. Ignoring timer registration for id: telemetry_modules_ping
1534515195146	geckodriver	INFO	geckodriver 0.21.0
1534515195154	geckodriver	INFO	Listening on 127.0.0.1:50090
1534515196164	mozrunner::runner	INFO	Running command: "/Applications/Firefox.app/Contents/MacOS/firefox-bin" "-marionette" "-foreground" "-no-remote" "-profile" "/var/folders/52/xhyrj3k12v319d0_stg7x3yw0000gp/T/rust_mozprofile.Pind98YewQZT"
2018-08-17 14:13:17.562 plugin-container[1312:21005] *** CFMessagePort: bootstrap_register(): failed 1100 (0x44c) 'Permission denied', port = 0x7f07, name = 'com.apple.tsm.portname'
See /usr/include/servers/bootstrap_defs.h for the error codes.
2018-08-17 14:13:17.795 plugin-container[1313:21028] *** CFMessagePort: bootstrap_register(): failed 1100 (0x44c) 'Permission denied', port = 0x7743, name = 'com.apple.tsm.portname'
See /usr/include/servers/bootstrap_defs.h for the error codes.
1534515198098	Marionette	INFO	Listening on port 50101
1534515198204	Marionette	WARN	TLS certificate errors will be ignored for this session
2018-08-17 14:13:18.726 plugin-container[1314:21137] *** CFMessagePort: bootstrap_register(): failed 1100 (0x44c) 'Permission denied', port = 0x873f, name = 'com.apple.tsm.portname'
See /usr/include/servers/bootstrap_defs.h for the error codes.
*** UTM:SVC TimerManager:registerTimer called after profile-before-change notification. Ignoring timer registration for id: telemetry_modules_ping
1534515274641	geckodriver	INFO	geckodriver 0.21.0
1534515274647	geckodriver	INFO	Listening on 127.0.0.1:50147
1534515275657	mozrunner::runner	INFO	Running command: "/Applications/Firefox.app/Contents/MacOS/firefox-bin" "-marionette" "-foreground" "-no-remote" "-profile" "/var/folders/52/xhyrj3k12v319d0_stg7x3yw0000gp/T/rust_mozprofile.ElGTzjosFltf"
2018-08-17 14:14:37.093 plugin-container[1391:21876] *** CFMessagePort: bootstrap_register(): failed 1100 (0x44c) 'Permission denied', port = 0x893f, name = 'com.apple.tsm.portname'
See /usr/include/servers/bootstrap_defs.h for the error codes.
2018-08-17 14:14:37.315 plugin-container[1392:21901] *** CFMessagePort: bootstrap_register(): failed 1100 (0x44c) 'Permission denied', port = 0x8b0b, name = 'com.apple.tsm.portname'
See /usr/include/servers/bootstrap_defs.h for the error codes.
1534515277637	Marionette	INFO	Listening on port 50158
1534515277722	Marionette	WARN	TLS certificate errors will be ignored for this session
2018-08-17 14:14:38.218 plugin-container[1393:22005] *** CFMessagePort: bootstrap_register(): failed 1100 (0x44c) 'Permission denied', port = 0x753f, name = 'com.apple.tsm.portname'
See /usr/include/servers/bootstrap_defs.h for the error codes.
*** UTM:SVC TimerManager:registerTimer called after profile-before-change notification. Ignoring timer registration for id: telemetry_modules_ping
1534515279238	geckodriver	INFO	geckodriver 0.21.0
1534515279244	geckodriver	INFO	Listening on 127.0.0.1:50198
1534515280252	mozrunner::runner	INFO	Running command: "/Applications/Firefox.app/Contents/MacOS/firefox-bin" "-marionette" "-foreground" "-no-remote" "-profile" "/var/folders/52/xhyrj3k12v319d0_stg7x3yw0000gp/T/rust_mozprofile.GBUWXSyqkyPD"
2018-08-17 14:14:41.649 plugin-container[1396:22153] *** CFMessagePort: bootstrap_register(): failed 1100 (0x44c) 'Permission denied', port = 0x7f3f, name = 'com.apple.tsm.portname'
See /usr/include/servers/bootstrap_defs.h for the error codes.
2018-08-17 14:14:41.891 plugin-container[1397:22176] *** CFMessagePort: bootstrap_register(): failed 1100 (0x44c) 'Permission denied', port = 0x8647, name = 'com.apple.tsm.portname'
See /usr/include/servers/bootstrap_defs.h for the error codes.
1534515282174	Marionette	INFO	Listening on port 50209
1534515282194	Marionette	WARN	TLS certificate errors will be ignored for this session
2018-08-17 14:14:43.029 plugin-container[1398:22290] *** CFMessagePort: bootstrap_register(): failed 1100 (0x44c) 'Permission denied', port = 0x883f, name = 'com.apple.tsm.portname'
See /usr/include/servers/bootstrap_defs.h for the error codes.
*** UTM:SVC TimerManager:registerTimer called after profile-before-change notification. Ignoring timer registration for id: telemetry_modules_ping
1534880863379	geckodriver	INFO	geckodriver 0.21.0
1534880863401	geckodriver	INFO	Listening on 127.0.0.1:49888
1534880864395	mozrunner::runner	INFO	Running command: "/Applications/Firefox.app/Contents/MacOS/firefox-bin" "-marionette" "-foreground" "-no-remote" "-profile" "/var/folders/52/xhyrj3k12v319d0_stg7x3yw0000gp/T/rust_mozprofile.pEKabEbxlDe4"
2018-08-21 19:47:46.440 plugin-container[1518:35529] *** CFMessagePort: bootstrap_register(): failed 1100 (0x44c) 'Permission denied', port = 0x753f, name = 'com.apple.tsm.portname'
See /usr/include/servers/bootstrap_defs.h for the error codes.
2018-08-21 19:47:47.075 plugin-container[1519:35556] *** CFMessagePort: bootstrap_register(): failed 1100 (0x44c) 'Permission denied', port = 0x7903, name = 'com.apple.tsm.portname'
See /usr/include/servers/bootstrap_defs.h for the error codes.
1534880867582	Marionette	INFO	Listening on port 49899
1534880867622	Marionette	WARN	TLS certificate errors will be ignored for this session
2018-08-21 19:47:47.852 plugin-container[1520:35669] *** CFMessagePort: bootstrap_register(): failed 1100 (0x44c) 'Permission denied', port = 0x8a03, name = 'com.apple.tsm.portname'
See /usr/include/servers/bootstrap_defs.h for the error codes.
*** UTM:SVC TimerManager:registerTimer called after profile-before-change notification. Ignoring timer registration for id: telemetry_modules_ping
1534880869574	geckodriver	INFO	geckodriver 0.21.0
1534880869582	geckodriver	INFO	Listening on 127.0.0.1:49950
1534880870590	mozrunner::runner	INFO	Running command: "/Applications/Firefox.app/Contents/MacOS/firefox-bin" "-marionette" "-foreground" "-no-remote" "-profile" "/var/folders/52/xhyrj3k12v319d0_stg7x3yw0000gp/T/rust_mozprofile.j2jul4UBO4mk"
2018-08-21 19:47:52.249 plugin-container[1523:35823] *** CFMessagePort: bootstrap_register(): failed 1100 (0x44c) 'Permission denied', port = 0x860b, name = 'com.apple.tsm.portname'
See /usr/include/servers/bootstrap_defs.h for the error codes.
2018-08-21 19:47:52.697 plugin-container[1524:35847] *** CFMessagePort: bootstrap_register(): failed 1100 (0x44c) 'Permission denied', port = 0x823b, name = 'com.apple.tsm.portname'
See /usr/include/servers/bootstrap_defs.h for the error codes.
1534880873141	Marionette	INFO	Listening on port 49961
1534880873188	Marionette	WARN	TLS certificate errors will be ignored for this session
2018-08-21 19:47:53.447 plugin-container[1525:35957] *** CFMessagePort: bootstrap_register(): failed 1100 (0x44c) 'Permission denied', port = 0x7307, name = 'com.apple.tsm.portname'
See /usr/include/servers/bootstrap_defs.h for the error codes.
*** UTM:SVC TimerManager:registerTimer called after profile-before-change notification. Ignoring timer registration for id: telemetry_modules_ping
1534881008919	geckodriver	INFO	geckodriver 0.21.0
1534881008926	geckodriver	INFO	Listening on 127.0.0.1:50020
1534881009944	mozrunner::runner	INFO	Running command: "/Applications/Firefox.app/Contents/MacOS/firefox-bin" "-marionette" "-foreground" "-no-remote" "-profile" "/var/folders/52/xhyrj3k12v319d0_stg7x3yw0000gp/T/rust_mozprofile.OhEfsWaDlDp2"
2018-08-21 19:50:11.663 plugin-container[1602:37156] *** CFMessagePort: bootstrap_register(): failed 1100 (0x44c) 'Permission denied', port = 0x7347, name = 'com.apple.tsm.portname'
See /usr/include/servers/bootstrap_defs.h for the error codes.
2018-08-21 19:50:12.064 plugin-container[1603:37181] *** CFMessagePort: bootstrap_register(): failed 1100 (0x44c) 'Permission denied', port = 0x8a3f, name = 'com.apple.tsm.portname'
See /usr/include/servers/bootstrap_defs.h for the error codes.
1534881012517	Marionette	INFO	Listening on port 50027
1534881012579	Marionette	WARN	TLS certificate errors will be ignored for this session
2018-08-21 19:50:13.645 plugin-container[1604:37297] *** CFMessagePort: bootstrap_register(): failed 1100 (0x44c) 'Permission denied', port = 0x743f, name = 'com.apple.tsm.portname'
See /usr/include/servers/bootstrap_defs.h for the error codes.

###!!! [Parent][RunMessage] Error: Channel error: cannot send/recv

*** UTM:SVC TimerManager:registerTimer called after profile-before-change notification. Ignoring timer registration for id: telemetry_modules_ping
1534881014769	geckodriver	INFO	geckodriver 0.21.0
1534881014777	geckodriver	INFO	Listening on 127.0.0.1:50074
1534881015789	mozrunner::runner	INFO	Running command: "/Applications/Firefox.app/Contents/MacOS/firefox-bin" "-marionette" "-foreground" "-no-remote" "-profile" "/var/folders/52/xhyrj3k12v319d0_stg7x3yw0000gp/T/rust_mozprofile.wp63ZecOFXb6"
2018-08-21 19:50:17.496 plugin-container[1607:37446] *** CFMessagePort: bootstrap_register(): failed 1100 (0x44c) 'Permission denied', port = 0x813f, name = 'com.apple.tsm.portname'
See /usr/include/servers/bootstrap_defs.h for the error codes.
2018-08-21 19:50:17.862 plugin-container[1608:37472] *** CFMessagePort: bootstrap_register(): failed 1100 (0x44c) 'Permission denied', port = 0x8407, name = 'com.apple.tsm.portname'
See /usr/include/servers/bootstrap_defs.h for the error codes.
1534881018540	Marionette	INFO	Listening on port 50081
1534881018595	Marionette	WARN	TLS certificate errors will be ignored for this session
2018-08-21 19:50:19.012 plugin-container[1609:37579] *** CFMessagePort: bootstrap_register(): failed 1100 (0x44c) 'Permission denied', port = 0x7d3b, name = 'com.apple.tsm.portname'
See /usr/include/servers/bootstrap_defs.h for the error codes.
*** UTM:SVC TimerManager:registerTimer called after profile-before-change notification. Ignoring timer registration for id: telemetry_modules_ping
